<?xml version="1.0" encoding="UTF-8"?>
<!-- Generated by org.testng.reporters.JUnitXMLReporter -->
<testsuite ignored="0" hostname="SJ" failures="0" tests="3" name="sanity tests" time="0.018" errors="0" timestamp="2023-10-10T13:03:02 IST">
  <testcase classname="BactchTesting.PaymentReturns" name="PaymentreturnswithBank" time="0.003"/>
  <testcase classname="BactchTesting.PaymentTest" name="paymentwithDollars" time="0.003"/>
  <testcase classname="BactchTesting.PaymentTest" name="paymentwithRS" time="0.001"/>
</testsuite> <!-- sanity tests -->
