<?xml version="1.0" encoding="UTF-8"?>
<!-- Generated by org.testng.reporters.JUnitXMLReporter -->
<testsuite ignored="0" hostname="SJ" failures="1" tests="2" name="LoginTest" time="0.146" errors="0" timestamp="2023-10-11T10:06:14 IST">
  <testcase classname="Listeners.LoginTest" name="LoginByEmail" time="0.083"/>
  <testcase classname="Listeners.LoginTest" name="LoginByFB" time="0.003">
    <failure type="org.junit.ComparisonFailure" message="expected:&amp;lt;[shrateek]&amp;gt; but was:&amp;lt;[jaiswal]&amp;gt;">
      <![CDATA[org.junit.ComparisonFailure: expected:<[shrateek]> but was:<[jaiswal]>
at org.junit.Assert.assertEquals(Assert.java:117)
at org.junit.Assert.assertEquals(Assert.java:146)
at Listeners.LoginTest.LoginByFB(LoginTest.java:16)
at java.base/java.util.ArrayList.forEach(ArrayList.java:1511)
... Removed 25 stack frames]]>
    </failure>
  </testcase> <!-- LoginByFB -->
</testsuite> <!-- LoginTest -->
