<?xml version="1.0" encoding="UTF-8"?>
<!-- Generated by org.testng.reporters.JUnitXMLReporter -->
<testsuite ignored="0" hostname="SJ" failures="0" tests="6" name="sanity tests" time="0.082" errors="0" timestamp="2023-10-10T13:03:02 IST">
  <testcase classname="BactchTesting.LoginTest" name="LoginByEmail" time="0.016"/>
  <testcase classname="BactchTesting.LoginTest" name="LoginByFB" time="0.001"/>
  <testcase classname="BactchTesting.LoginTest" name="LoginByTwitter" time="0.001"/>
  <testcase classname="BactchTesting.SignupTest" name="SignupByEmail" time="0.002"/>
  <testcase classname="BactchTesting.SignupTest" name="SignupByFB" time="0.002"/>
  <testcase classname="BactchTesting.SignupTest" name="SignupByTwitter" time="0.002"/>
</testsuite> <!-- sanity tests -->
